<?xml version="1.0" encoding="UTF-8"?>
<!-- Generated by org.testng.reporters.JUnitXMLReporter -->
<testsuite hostname="DESKTOP-482OVNE" ignored="0" name="Test" tests="1" failures="0" timestamp="03 Nov 2018 17:20:31 GMT" time="0.313" errors="0">
  <testcase name="@BeforeTest SetUp" time="0.266" classname="com.baseLib.BaseLib">
    <failure type="java.lang.IllegalStateException" message="The driver executable does not exist: C:\Users\Saurav\practice\facebook\.\exefiles\chromedriver.exe">
      <![CDATA[java.lang.IllegalStateException: The driver executable does not exist: C:\Users\Saurav\practice\facebook\.\exefiles\chromedriver.exe
at com.google.common.base.Preconditions.checkState(Preconditions.java:585)
at org.openqa.selenium.remote.service.DriverService.checkExecutable(DriverService.java:137)
at org.openqa.selenium.remote.service.DriverService.findExecutable(DriverService.java:132)
at org.openqa.selenium.chrome.ChromeDriverService.access$000(ChromeDriverService.java:35)
at org.openqa.selenium.chrome.ChromeDriverService$Builder.findDefaultExecutable(ChromeDriverService.java:156)
at org.openqa.selenium.remote.service.DriverService$Builder.build(DriverService.java:346)
at org.openqa.selenium.chrome.ChromeDriverService.createDefaultService(ChromeDriverService.java:91)
at org.openqa.selenium.chrome.ChromeDriver.<init>(ChromeDriver.java:123)
at com.baseLib.BaseLib.SetUp(BaseLib.java:18)
... Removed 24 stack frames]]>
    </failure>
  </testcase> <!-- @BeforeTest SetUp -->
  <testcase name="@AfterTest testDown" time="0.0" classname="com.baseLib.BaseLib">
    <skipped/>
  </testcase> <!-- @AfterTest testDown -->
  <testcase name="logintest" time="0.0" classname="com.testcases.TestCases">
    <skipped/>
  </testcase> <!-- logintest -->
</testsuite> <!-- Test -->
